[2.179s] Invoking command in '/manual_control/src/arduino_pkg': PYTHONPATH=/manual_control/src/arduino_pkg/build/arduino_pkg/prefix_override:/usr/lib/python3/dist-packages/colcon_core/task/python/colcon_distutils_commands:/manual_control/src/arduino_pkg/install/arduino_pkg/lib/python3.10/site-packages:${PYTHONPATH} /usr/bin/python3 -W ignore:setup.py install is deprecated setup.py egg_info --egg-base build/arduino_pkg build --build-base /manual_control/src/arduino_pkg/build/arduino_pkg/build install --record /manual_control/src/arduino_pkg/build/arduino_pkg/install.log --single-version-externally-managed
[2.936s] running egg_info
[2.939s] writing build/arduino_pkg/arduino_pkg.egg-info/PKG-INFO
[2.940s] writing dependency_links to build/arduino_pkg/arduino_pkg.egg-info/dependency_links.txt
[2.942s] writing entry points to build/arduino_pkg/arduino_pkg.egg-info/entry_points.txt
[2.943s] writing requirements to build/arduino_pkg/arduino_pkg.egg-info/requires.txt
[2.944s] writing top-level names to build/arduino_pkg/arduino_pkg.egg-info/top_level.txt
[2.951s] reading manifest file 'build/arduino_pkg/arduino_pkg.egg-info/SOURCES.txt'
[2.956s] writing manifest file 'build/arduino_pkg/arduino_pkg.egg-info/SOURCES.txt'
[2.956s] running build
[2.957s] running build_py
[2.959s] copying arduino_pkg/arduino_control_manual.py -> /manual_control/src/arduino_pkg/build/arduino_pkg/build/lib/arduino_pkg
[2.960s] running install
[2.961s] running install_lib
[2.964s] copying /manual_control/src/arduino_pkg/build/arduino_pkg/build/lib/arduino_pkg/arduino_control_manual.py -> /manual_control/src/arduino_pkg/install/arduino_pkg/lib/python3.10/site-packages/arduino_pkg
[2.967s] byte-compiling /manual_control/src/arduino_pkg/install/arduino_pkg/lib/python3.10/site-packages/arduino_pkg/arduino_control_manual.py to arduino_control_manual.cpython-310.pyc
[2.970s] running install_egg_info
[2.976s] removing '/manual_control/src/arduino_pkg/install/arduino_pkg/lib/python3.10/site-packages/arduino_pkg-0.0.1-py3.10.egg-info' (and everything under it)
[2.977s] Copying build/arduino_pkg/arduino_pkg.egg-info to /manual_control/src/arduino_pkg/install/arduino_pkg/lib/python3.10/site-packages/arduino_pkg-0.0.1-py3.10.egg-info
[2.983s] running install_scripts
[3.053s] Installing arduino_control_manual script to /manual_control/src/arduino_pkg/install/arduino_pkg/bin
[3.055s] writing list of installed files to '/manual_control/src/arduino_pkg/build/arduino_pkg/install.log'
[3.163s] Invoked command in '/manual_control/src/arduino_pkg' returned '0': PYTHONPATH=/manual_control/src/arduino_pkg/build/arduino_pkg/prefix_override:/usr/lib/python3/dist-packages/colcon_core/task/python/colcon_distutils_commands:/manual_control/src/arduino_pkg/install/arduino_pkg/lib/python3.10/site-packages:${PYTHONPATH} /usr/bin/python3 -W ignore:setup.py install is deprecated setup.py egg_info --egg-base build/arduino_pkg build --build-base /manual_control/src/arduino_pkg/build/arduino_pkg/build install --record /manual_control/src/arduino_pkg/build/arduino_pkg/install.log --single-version-externally-managed
