running egg_info
writing build/arduino_pkg/arduino_pkg.egg-info/PKG-INFO
writing dependency_links to build/arduino_pkg/arduino_pkg.egg-info/dependency_links.txt
writing entry points to build/arduino_pkg/arduino_pkg.egg-info/entry_points.txt
writing requirements to build/arduino_pkg/arduino_pkg.egg-info/requires.txt
writing top-level names to build/arduino_pkg/arduino_pkg.egg-info/top_level.txt
reading manifest file 'build/arduino_pkg/arduino_pkg.egg-info/SOURCES.txt'
writing manifest file 'build/arduino_pkg/arduino_pkg.egg-info/SOURCES.txt'
running build
running build_py
copying arduino_pkg/arduino_control_manual.py -> /manual_control/src/arduino_pkg/build/arduino_pkg/build/lib/arduino_pkg
running install
running install_lib
copying /manual_control/src/arduino_pkg/build/arduino_pkg/build/lib/arduino_pkg/arduino_control_manual.py -> /manual_control/src/arduino_pkg/install/arduino_pkg/lib/python3.10/site-packages/arduino_pkg
byte-compiling /manual_control/src/arduino_pkg/install/arduino_pkg/lib/python3.10/site-packages/arduino_pkg/arduino_control_manual.py to arduino_control_manual.cpython-310.pyc
running install_egg_info
removing '/manual_control/src/arduino_pkg/install/arduino_pkg/lib/python3.10/site-packages/arduino_pkg-0.0.1-py3.10.egg-info' (and everything under it)
Copying build/arduino_pkg/arduino_pkg.egg-info to /manual_control/src/arduino_pkg/install/arduino_pkg/lib/python3.10/site-packages/arduino_pkg-0.0.1-py3.10.egg-info
running install_scripts
Installing arduino_control_manual script to /manual_control/src/arduino_pkg/install/arduino_pkg/bin
writing list of installed files to '/manual_control/src/arduino_pkg/build/arduino_pkg/install.log'
