[1.933s] Invoking command in '/manual_control/src/arduino_pkg': PYTHONPATH=/manual_control/src/arduino_pkg/build/arduino_pkg/prefix_override:/usr/lib/python3/dist-packages/colcon_core/task/python/colcon_distutils_commands:/manual_control/src/arduino_pkg/install/arduino_pkg/lib/python3.10/site-packages:${PYTHONPATH} /usr/bin/python3 -W ignore:setup.py install is deprecated setup.py egg_info --egg-base build/arduino_pkg build --build-base /manual_control/src/arduino_pkg/build/arduino_pkg/build install --record /manual_control/src/arduino_pkg/build/arduino_pkg/install.log --single-version-externally-managed
[2.688s] running egg_info
[2.688s] creating build/arduino_pkg/arduino_pkg.egg-info
[2.689s] writing build/arduino_pkg/arduino_pkg.egg-info/PKG-INFO
[2.690s] writing dependency_links to build/arduino_pkg/arduino_pkg.egg-info/dependency_links.txt
[2.691s] writing entry points to build/arduino_pkg/arduino_pkg.egg-info/entry_points.txt
[2.692s] writing requirements to build/arduino_pkg/arduino_pkg.egg-info/requires.txt
[2.693s] writing top-level names to build/arduino_pkg/arduino_pkg.egg-info/top_level.txt
[2.694s] writing manifest file 'build/arduino_pkg/arduino_pkg.egg-info/SOURCES.txt'
[2.699s] reading manifest file 'build/arduino_pkg/arduino_pkg.egg-info/SOURCES.txt'
[2.702s] writing manifest file 'build/arduino_pkg/arduino_pkg.egg-info/SOURCES.txt'
[2.703s] running build
[2.704s] running build_py
[2.704s] creating /manual_control/src/arduino_pkg/build/arduino_pkg/build
[2.704s] creating /manual_control/src/arduino_pkg/build/arduino_pkg/build/lib
[2.705s] creating /manual_control/src/arduino_pkg/build/arduino_pkg/build/lib/arduino_pkg
[2.705s] copying arduino_pkg/arduino_control_manual.py -> /manual_control/src/arduino_pkg/build/arduino_pkg/build/lib/arduino_pkg
[2.705s] copying arduino_pkg/__init__.py -> /manual_control/src/arduino_pkg/build/arduino_pkg/build/lib/arduino_pkg
[2.706s] running install
[2.707s] running install_lib
[2.709s] creating /manual_control/src/arduino_pkg/install/arduino_pkg/lib/python3.10/site-packages/arduino_pkg
[2.709s] copying /manual_control/src/arduino_pkg/build/arduino_pkg/build/lib/arduino_pkg/arduino_control_manual.py -> /manual_control/src/arduino_pkg/install/arduino_pkg/lib/python3.10/site-packages/arduino_pkg
[2.710s] copying /manual_control/src/arduino_pkg/build/arduino_pkg/build/lib/arduino_pkg/__init__.py -> /manual_control/src/arduino_pkg/install/arduino_pkg/lib/python3.10/site-packages/arduino_pkg
[2.711s] byte-compiling /manual_control/src/arduino_pkg/install/arduino_pkg/lib/python3.10/site-packages/arduino_pkg/arduino_control_manual.py to arduino_control_manual.cpython-310.pyc
[2.714s] byte-compiling /manual_control/src/arduino_pkg/install/arduino_pkg/lib/python3.10/site-packages/arduino_pkg/__init__.py to __init__.cpython-310.pyc
[2.714s] running install_egg_info
[2.721s] Copying build/arduino_pkg/arduino_pkg.egg-info to /manual_control/src/arduino_pkg/install/arduino_pkg/lib/python3.10/site-packages/arduino_pkg-0.0.1-py3.10.egg-info
[2.724s] running install_scripts
[2.795s] Installing arduino_control_manual script to /manual_control/src/arduino_pkg/install/arduino_pkg/bin
[2.796s] writing list of installed files to '/manual_control/src/arduino_pkg/build/arduino_pkg/install.log'
[2.905s] Invoked command in '/manual_control/src/arduino_pkg' returned '0': PYTHONPATH=/manual_control/src/arduino_pkg/build/arduino_pkg/prefix_override:/usr/lib/python3/dist-packages/colcon_core/task/python/colcon_distutils_commands:/manual_control/src/arduino_pkg/install/arduino_pkg/lib/python3.10/site-packages:${PYTHONPATH} /usr/bin/python3 -W ignore:setup.py install is deprecated setup.py egg_info --egg-base build/arduino_pkg build --build-base /manual_control/src/arduino_pkg/build/arduino_pkg/build install --record /manual_control/src/arduino_pkg/build/arduino_pkg/install.log --single-version-externally-managed
