[0.410s] DEBUG:colcon:Command line arguments: ['/usr/bin/colcon', 'build']
[0.411s] DEBUG:colcon:Parsed command line arguments: Namespace(log_base=None, log_level=None, verb_name='build', build_base='build', install_base='install', merge_install=False, symlink_install=False, test_result_base=None, continue_on_error=False, executor='parallel', parallel_workers=4, event_handlers=None, ignore_user_meta=False, metas=['./colcon.meta'], base_paths=['.'], packages_ignore=None, packages_ignore_regex=None, paths=None, packages_up_to=None, packages_up_to_regex=None, packages_above=None, packages_above_and_dependencies=None, packages_above_depth=None, packages_select_by_dep=None, packages_skip_by_dep=None, packages_skip_up_to=None, packages_select_build_failed=False, packages_skip_build_finished=False, packages_select_test_failures=False, packages_skip_test_passed=False, packages_select=None, packages_skip=None, packages_select_regex=None, packages_skip_regex=None, packages_start=None, packages_end=None, cmake_args=None, cmake_target=None, cmake_target_skip_unavailable=False, cmake_clean_cache=False, cmake_clean_first=False, cmake_force_configure=False, ament_cmake_args=None, catkin_cmake_args=None, catkin_skip_building_tests=False, mixin_files=None, mixin=None, verb_parser=<colcon_mixin.mixin.mixin_argument.MixinArgumentDecorator object at 0x7f867284f0>, verb_extension=<colcon_core.verb.build.BuildVerb object at 0x7f86703ee0>, main=<bound method BuildVerb.main of <colcon_core.verb.build.BuildVerb object at 0x7f86703ee0>>, mixin_verb=('build',))
[1.029s] Level 1:colcon.colcon_core.package_discovery:discover_packages(colcon_meta) check parameters
[1.032s] INFO:colcon.colcon_metadata.package_discovery.colcon_meta:Using configuration from '/root/.colcon/metadata/default/Gazebo.meta'
[1.034s] INFO:colcon.colcon_metadata.package_discovery.colcon_meta:Using configuration from '/root/.colcon/metadata/default/fastrtps.meta'
[1.034s] Level 1:colcon.colcon_core.package_discovery:discover_packages(recursive) check parameters
[1.034s] Level 1:colcon.colcon_core.package_discovery:discover_packages(ignore) check parameters
[1.035s] Level 1:colcon.colcon_core.package_discovery:discover_packages(path) check parameters
[1.035s] Level 1:colcon.colcon_core.package_discovery:discover_packages(colcon_meta) discover
[1.035s] Level 1:colcon.colcon_core.package_discovery:discover_packages(recursive) discover
[1.035s] INFO:colcon.colcon_core.package_discovery:Crawling recursively for packages in '/manual_control/src/arduino_pkg'
[1.035s] Level 1:colcon.colcon_core.package_identification:_identify(.) by extensions ['ignore', 'ignore_ament_install']
[1.036s] Level 1:colcon.colcon_core.package_identification:_identify(.) by extension 'ignore'
[1.036s] Level 1:colcon.colcon_core.package_identification:_identify(.) by extension 'ignore_ament_install'
[1.036s] Level 1:colcon.colcon_core.package_identification:_identify(.) by extensions ['colcon_pkg']
[1.036s] Level 1:colcon.colcon_core.package_identification:_identify(.) by extension 'colcon_pkg'
[1.036s] Level 1:colcon.colcon_core.package_identification:_identify(.) by extensions ['colcon_meta']
[1.036s] Level 1:colcon.colcon_core.package_identification:_identify(.) by extension 'colcon_meta'
[1.037s] Level 1:colcon.colcon_core.package_identification:_identify(.) by extensions ['ros']
[1.037s] Level 1:colcon.colcon_core.package_identification:_identify(.) by extension 'ros'
[1.085s] DEBUG:colcon.colcon_core.package_identification:Package '.' with type 'ros.ament_python' and name 'arduino_pkg'
[1.085s] Level 1:colcon.colcon_core.package_discovery:discover_packages(recursive) using defaults
[1.085s] Level 1:colcon.colcon_core.package_discovery:discover_packages(ignore) discover
[1.085s] Level 1:colcon.colcon_core.package_discovery:discover_packages(ignore) using defaults
[1.085s] Level 1:colcon.colcon_core.package_discovery:discover_packages(path) discover
[1.086s] Level 1:colcon.colcon_core.package_discovery:discover_packages(path) using defaults
[1.158s] Level 5:colcon.colcon_core.verb:set package 'arduino_pkg' build argument 'cmake_args' from command line to 'None'
[1.158s] Level 5:colcon.colcon_core.verb:set package 'arduino_pkg' build argument 'cmake_target' from command line to 'None'
[1.159s] Level 5:colcon.colcon_core.verb:set package 'arduino_pkg' build argument 'cmake_target_skip_unavailable' from command line to 'False'
[1.159s] Level 5:colcon.colcon_core.verb:set package 'arduino_pkg' build argument 'cmake_clean_cache' from command line to 'False'
[1.159s] Level 5:colcon.colcon_core.verb:set package 'arduino_pkg' build argument 'cmake_clean_first' from command line to 'False'
[1.159s] Level 5:colcon.colcon_core.verb:set package 'arduino_pkg' build argument 'cmake_force_configure' from command line to 'False'
[1.159s] Level 5:colcon.colcon_core.verb:set package 'arduino_pkg' build argument 'ament_cmake_args' from command line to 'None'
[1.159s] Level 5:colcon.colcon_core.verb:set package 'arduino_pkg' build argument 'catkin_cmake_args' from command line to 'None'
[1.159s] Level 5:colcon.colcon_core.verb:set package 'arduino_pkg' build argument 'catkin_skip_building_tests' from command line to 'False'
[1.159s] DEBUG:colcon.colcon_core.verb:Building package 'arduino_pkg' with the following arguments: {'ament_cmake_args': None, 'build_base': '/manual_control/src/arduino_pkg/build/arduino_pkg', 'catkin_cmake_args': None, 'catkin_skip_building_tests': False, 'cmake_args': None, 'cmake_clean_cache': False, 'cmake_clean_first': False, 'cmake_force_configure': False, 'cmake_target': None, 'cmake_target_skip_unavailable': False, 'install_base': '/manual_control/src/arduino_pkg/install/arduino_pkg', 'merge_install': False, 'path': '/manual_control/src/arduino_pkg', 'symlink_install': False, 'test_result_base': None}
[1.160s] INFO:colcon.colcon_core.executor:Executing jobs using 'parallel' executor
[1.163s] DEBUG:colcon.colcon_parallel_executor.executor.parallel:run_until_complete
[1.164s] INFO:colcon.colcon_ros.task.ament_python.build:Building ROS package in '/manual_control/src/arduino_pkg' with build type 'ament_python'
[1.165s] Level 1:colcon.colcon_core.shell:create_environment_hook('arduino_pkg', 'ament_prefix_path')
[1.173s] INFO:colcon.colcon_core.plugin_system:Skipping extension 'colcon_core.shell.bat': Not used on non-Windows systems
[1.174s] INFO:colcon.colcon_core.shell:Creating environment hook '/manual_control/src/arduino_pkg/install/arduino_pkg/share/arduino_pkg/hook/ament_prefix_path.ps1'
[1.176s] INFO:colcon.colcon_core.shell:Creating environment descriptor '/manual_control/src/arduino_pkg/install/arduino_pkg/share/arduino_pkg/hook/ament_prefix_path.dsv'
[1.178s] INFO:colcon.colcon_core.shell:Creating environment hook '/manual_control/src/arduino_pkg/install/arduino_pkg/share/arduino_pkg/hook/ament_prefix_path.sh'
[1.181s] INFO:colcon.colcon_core.shell:Skip shell extension 'powershell' for command environment: Not usable outside of PowerShell
[1.182s] DEBUG:colcon.colcon_core.shell:Skip shell extension 'dsv' for command environment
[2.057s] WARNING:colcon.colcon_ros.task.ament_python.build:Package 'arduino_pkg' doesn't explicitly install a marker in the package index (colcon-ros currently does it implicitly but that fallback will be removed in the future)
[2.058s] WARNING:colcon.colcon_ros.task.ament_python.build:Package 'arduino_pkg' doesn't explicitly install the 'package.xml' file (colcon-ros currently does it implicitly but that fallback will be removed in the future)
[2.059s] INFO:colcon.colcon_core.task.python.build:Building Python package in '/manual_control/src/arduino_pkg'
[2.060s] INFO:colcon.colcon_core.shell:Skip shell extension 'powershell' for command environment: Not usable outside of PowerShell
[2.061s] DEBUG:colcon.colcon_core.shell:Skip shell extension 'dsv' for command environment
[3.160s] DEBUG:colcon.colcon_core.event_handler.log_command:Invoking command in '/manual_control/src/arduino_pkg': PYTHONPATH=/manual_control/src/arduino_pkg/build/arduino_pkg/prefix_override:/usr/lib/python3/dist-packages/colcon_core/task/python/colcon_distutils_commands:/manual_control/src/arduino_pkg/install/arduino_pkg/lib/python3.10/site-packages:${PYTHONPATH} /usr/bin/python3 -W ignore:setup.py install is deprecated setup.py egg_info --egg-base build/arduino_pkg build --build-base /manual_control/src/arduino_pkg/build/arduino_pkg/build install --record /manual_control/src/arduino_pkg/build/arduino_pkg/install.log --single-version-externally-managed
[4.123s] DEBUG:colcon.colcon_core.event_handler.log_command:Invoked command in '/manual_control/src/arduino_pkg' returned '0': PYTHONPATH=/manual_control/src/arduino_pkg/build/arduino_pkg/prefix_override:/usr/lib/python3/dist-packages/colcon_core/task/python/colcon_distutils_commands:/manual_control/src/arduino_pkg/install/arduino_pkg/lib/python3.10/site-packages:${PYTHONPATH} /usr/bin/python3 -W ignore:setup.py install is deprecated setup.py egg_info --egg-base build/arduino_pkg build --build-base /manual_control/src/arduino_pkg/build/arduino_pkg/build install --record /manual_control/src/arduino_pkg/build/arduino_pkg/install.log --single-version-externally-managed
[4.130s] Level 1:colcon.colcon_core.environment:checking '/manual_control/src/arduino_pkg/install/arduino_pkg' for CMake module files
[4.131s] Level 1:colcon.colcon_core.environment:checking '/manual_control/src/arduino_pkg/install/arduino_pkg' for CMake config files
[4.133s] Level 1:colcon.colcon_core.environment:checking '/manual_control/src/arduino_pkg/install/arduino_pkg/lib'
[4.135s] Level 1:colcon.colcon_core.environment:checking '/manual_control/src/arduino_pkg/install/arduino_pkg/bin'
[4.135s] Level 1:colcon.colcon_core.shell:create_environment_hook('arduino_pkg', 'path')
[4.136s] INFO:colcon.colcon_core.shell:Creating environment hook '/manual_control/src/arduino_pkg/install/arduino_pkg/share/arduino_pkg/hook/path.ps1'
[4.137s] INFO:colcon.colcon_core.shell:Creating environment descriptor '/manual_control/src/arduino_pkg/install/arduino_pkg/share/arduino_pkg/hook/path.dsv'
[4.140s] INFO:colcon.colcon_core.shell:Creating environment hook '/manual_control/src/arduino_pkg/install/arduino_pkg/share/arduino_pkg/hook/path.sh'
[4.142s] Level 1:colcon.colcon_core.environment:checking '/manual_control/src/arduino_pkg/install/arduino_pkg/lib/pkgconfig/arduino_pkg.pc'
[4.144s] Level 1:colcon.colcon_core.environment:checking '/manual_control/src/arduino_pkg/install/arduino_pkg/lib/python3.10/site-packages'
[4.144s] Level 1:colcon.colcon_core.shell:create_environment_hook('arduino_pkg', 'pythonpath')
[4.145s] INFO:colcon.colcon_core.shell:Creating environment hook '/manual_control/src/arduino_pkg/install/arduino_pkg/share/arduino_pkg/hook/pythonpath.ps1'
[4.147s] INFO:colcon.colcon_core.shell:Creating environment descriptor '/manual_control/src/arduino_pkg/install/arduino_pkg/share/arduino_pkg/hook/pythonpath.dsv'
[4.150s] INFO:colcon.colcon_core.shell:Creating environment hook '/manual_control/src/arduino_pkg/install/arduino_pkg/share/arduino_pkg/hook/pythonpath.sh'
[4.155s] Level 1:colcon.colcon_core.environment:checking '/manual_control/src/arduino_pkg/install/arduino_pkg/bin'
[4.155s] Level 1:colcon.colcon_core.shell:create_environment_hook('arduino_pkg', 'pythonscriptspath')
[4.157s] INFO:colcon.colcon_core.shell:Creating environment hook '/manual_control/src/arduino_pkg/install/arduino_pkg/share/arduino_pkg/hook/pythonscriptspath.ps1'
[4.160s] INFO:colcon.colcon_core.shell:Creating environment descriptor '/manual_control/src/arduino_pkg/install/arduino_pkg/share/arduino_pkg/hook/pythonscriptspath.dsv'
[4.163s] INFO:colcon.colcon_core.shell:Creating environment hook '/manual_control/src/arduino_pkg/install/arduino_pkg/share/arduino_pkg/hook/pythonscriptspath.sh'
[4.166s] Level 1:colcon.colcon_core.environment:create_environment_scripts_only(arduino_pkg)
[4.168s] INFO:colcon.colcon_core.shell:Creating package script '/manual_control/src/arduino_pkg/install/arduino_pkg/share/arduino_pkg/package.ps1'
[4.172s] INFO:colcon.colcon_core.shell:Creating package descriptor '/manual_control/src/arduino_pkg/install/arduino_pkg/share/arduino_pkg/package.dsv'
[4.175s] INFO:colcon.colcon_core.shell:Creating package script '/manual_control/src/arduino_pkg/install/arduino_pkg/share/arduino_pkg/package.sh'
[4.179s] INFO:colcon.colcon_core.shell:Creating package script '/manual_control/src/arduino_pkg/install/arduino_pkg/share/arduino_pkg/package.bash'
[4.183s] INFO:colcon.colcon_core.shell:Creating package script '/manual_control/src/arduino_pkg/install/arduino_pkg/share/arduino_pkg/package.zsh'
[4.187s] Level 1:colcon.colcon_core.environment:create_file_with_runtime_dependencies(/manual_control/src/arduino_pkg/install/arduino_pkg/share/colcon-core/packages/arduino_pkg)
[4.189s] DEBUG:colcon.colcon_parallel_executor.executor.parallel:closing loop
[4.191s] DEBUG:colcon.colcon_parallel_executor.executor.parallel:loop closed
[4.192s] DEBUG:colcon.colcon_parallel_executor.executor.parallel:run_until_complete finished with '0'
[4.192s] DEBUG:colcon.colcon_core.event_reactor:joining thread
[4.230s] INFO:colcon.colcon_core.plugin_system:Skipping extension 'colcon_notification.desktop_notification.notify_send': Could not find 'notify-send'
[4.231s] INFO:colcon.colcon_core.plugin_system:Skipping extension 'colcon_notification.desktop_notification.terminal_notifier': Not used on non-Darwin systems
[4.233s] INFO:colcon.colcon_core.plugin_system:Skipping extension 'colcon_notification.desktop_notification.win32': Not used on non-Windows systems
[4.233s] INFO:colcon.colcon_notification.desktop_notification:Sending desktop notification using 'notify2'
[4.234s] DEBUG:colcon.colcon_notification.desktop_notification.notify2:Failed to initialize notify2: org.freedesktop.DBus.Error.FileNotFound: Failed to connect to socket /var/run/dbus/system_bus_socket: No such file or directory
[4.235s] DEBUG:colcon.colcon_core.event_reactor:joined thread
[4.236s] INFO:colcon.colcon_core.shell:Creating prefix script '/manual_control/src/arduino_pkg/install/local_setup.ps1'
[4.241s] INFO:colcon.colcon_core.shell:Creating prefix util module '/manual_control/src/arduino_pkg/install/_local_setup_util_ps1.py'
[4.248s] INFO:colcon.colcon_core.shell:Creating prefix chain script '/manual_control/src/arduino_pkg/install/setup.ps1'
[4.253s] INFO:colcon.colcon_core.shell:Creating prefix script '/manual_control/src/arduino_pkg/install/local_setup.sh'
[4.255s] INFO:colcon.colcon_core.shell:Creating prefix util module '/manual_control/src/arduino_pkg/install/_local_setup_util_sh.py'
[4.257s] INFO:colcon.colcon_core.shell:Creating prefix chain script '/manual_control/src/arduino_pkg/install/setup.sh'
[4.261s] INFO:colcon.colcon_core.shell:Creating prefix script '/manual_control/src/arduino_pkg/install/local_setup.bash'
[4.264s] INFO:colcon.colcon_core.shell:Creating prefix chain script '/manual_control/src/arduino_pkg/install/setup.bash'
[4.267s] INFO:colcon.colcon_core.shell:Creating prefix script '/manual_control/src/arduino_pkg/install/local_setup.zsh'
[4.270s] INFO:colcon.colcon_core.shell:Creating prefix chain script '/manual_control/src/arduino_pkg/install/setup.zsh'
